android/app/build/intermediates/manifest_merge_blame_file/debug/manifest-merger-blame-debug-report.txt
1<?xml version="1.0" encoding="utf-8"?>
2<manifest xmlns:android="http://schemas.android.com/apk/res/android"
3    package="com.mobilefront"
4    android:versionCode="1"
5    android:versionName="1.0" >
6
7    <uses-sdk
8        android:minSdkVersion="21"
9        android:targetSdkVersion="30" />
10
11    <uses-permission android:name="android.permission.SYSTEM_ALERT_WINDOW" />
11-->src/debug/AndroidManifest.xml:5:5-77
11-->src/debug/AndroidManifest.xml:5:22-75
12    <uses-permission android:name="android.permission.INTERNET" />
12-->src/main/AndroidManifest.xml:4:5-67
12-->src/main/AndroidManifest.xml:4:22-64
13    <uses-permission android:name="android.permission.ACCESS_WIFI_STATE" />
13-->[com.facebook.flipper:flipper:0.99.0] AndroidManifest.xml:16:5-76
13-->[com.facebook.flipper:flipper:0.99.0] AndroidManifest.xml:16:22-73
14    <uses-permission android:name="android.permission.WRITE_EXTERNAL_STORAGE" />
14-->[:agora-react-native-rtm] AndroidManifest.xml:10:5-81
14-->[:agora-react-native-rtm] AndroidManifest.xml:10:22-78
15    <uses-permission android:name="android.permission.READ_PHONE_STATE" />
15-->[:react-native-agora] AndroidManifest.xml:10:5-75
15-->[:react-native-agora] AndroidManifest.xml:10:22-72
16    <uses-permission android:name="android.permission.RECORD_AUDIO" />
16-->[:react-native-agora] AndroidManifest.xml:12:5-71
16-->[:react-native-agora] AndroidManifest.xml:12:22-68
17    <uses-permission android:name="android.permission.CAMERA" />
17-->[:react-native-agora] AndroidManifest.xml:13:5-65
17-->[:react-native-agora] AndroidManifest.xml:13:22-62
18    <uses-permission android:name="android.permission.MODIFY_AUDIO_SETTINGS" />
18-->[:react-native-agora] AndroidManifest.xml:14:5-80
18-->[:react-native-agora] AndroidManifest.xml:14:22-77
19    <uses-permission android:name="android.permission.ACCESS_NETWORK_STATE" />
19-->[:react-native-agora] AndroidManifest.xml:15:5-79
19-->[:react-native-agora] AndroidManifest.xml:15:22-76
20    <uses-permission android:name="android.permission.BLUETOOTH" />
20-->[:react-native-agora] AndroidManifest.xml:16:5-68
20-->[:react-native-agora] AndroidManifest.xml:16:22-65
21    <uses-permission android:name="android.permission.READ_EXTERNAL_STORAGE" />
21-->[:react-native-agora] AndroidManifest.xml:18:5-80
21-->[:react-native-agora] AndroidManifest.xml:18:22-77
22    <uses-permission android:name="android.permission.READ_PRIVILEGED_PHONE_STATE" />
22-->[:react-native-agora] AndroidManifest.xml:19:5-21:47
22-->[:react-native-agora] AndroidManifest.xml:20:9-70
23
24    <application
24-->src/main/AndroidManifest.xml:6:5-24:19
25        android:name="com.mobilefront.MainApplication"
25-->src/main/AndroidManifest.xml:7:7-38
26        android:allowBackup="false"
26-->src/main/AndroidManifest.xml:11:7-34
27        android:appComponentFactory="androidx.core.app.CoreComponentFactory"
27-->[androidx.core:core:1.5.0] AndroidManifest.xml:24:18-86
28        android:debuggable="true"
29        android:icon="@mipmap/ic_launcher"
29-->src/main/AndroidManifest.xml:9:7-41
30        android:label="@string/app_name"
30-->src/main/AndroidManifest.xml:8:7-39
31        android:roundIcon="@mipmap/ic_launcher_round"
31-->src/main/AndroidManifest.xml:10:7-52
32        android:theme="@style/AppTheme"
32-->src/main/AndroidManifest.xml:12:7-38
33        android:usesCleartextTraffic="true" >
33-->src/debug/AndroidManifest.xml:8:9-44
34        <activity android:name="com.facebook.react.devsupport.DevSettingsActivity" />
34-->src/debug/AndroidManifest.xml:11:9-86
34-->src/debug/AndroidManifest.xml:11:19-83
35        <activity
35-->src/main/AndroidManifest.xml:13:7-23:18
36            android:name="com.mobilefront.MainActivity"
36-->src/main/AndroidManifest.xml:14:9-37
37            android:configChanges="keyboard|keyboardHidden|orientation|screenSize|uiMode"
37-->src/main/AndroidManifest.xml:16:9-86
38            android:label="@string/app_name"
38-->src/main/AndroidManifest.xml:15:9-41
39            android:launchMode="singleTask"
39-->src/main/AndroidManifest.xml:17:9-40
40            android:windowSoftInputMode="adjustPan" >
40-->src/main/AndroidManifest.xml:18:9-48
41            <intent-filter>
41-->src/main/AndroidManifest.xml:19:9-22:25
42                <action android:name="android.intent.action.MAIN" />
42-->src/main/AndroidManifest.xml:20:13-65
42-->src/main/AndroidManifest.xml:20:21-62
43
44                <category android:name="android.intent.category.LAUNCHER" />
44-->src/main/AndroidManifest.xml:21:13-73
44-->src/main/AndroidManifest.xml:21:23-70
45            </intent-filter>
46        </activity>
47    </application>
48
49</manifest>